C:\Users\yuht-a\Desktop\tinyxml_2_6_2\tinyxml\Debugtinyxml\BscMake.command.1.tlog
C:\Users\yuht-a\Desktop\tinyxml_2_6_2\tinyxml\Debugtinyxml\bscmake.read.1.tlog
C:\Users\yuht-a\Desktop\tinyxml_2_6_2\tinyxml\Debugtinyxml\bscmake.write.1.tlog
C:\Users\yuht-a\Desktop\tinyxml_2_6_2\tinyxml\Debugtinyxml\cl.command.1.tlog
C:\Users\yuht-a\Desktop\tinyxml_2_6_2\tinyxml\Debugtinyxml\CL.read.1.tlog
C:\Users\yuht-a\Desktop\tinyxml_2_6_2\tinyxml\Debugtinyxml\CL.write.1.tlog
C:\Users\yuht-a\Desktop\tinyxml_2_6_2\tinyxml\Debugtinyxml\lib.command.1.tlog
C:\Users\yuht-a\Desktop\tinyxml_2_6_2\tinyxml\Debugtinyxml\Lib-link.read.1.tlog
C:\Users\yuht-a\Desktop\tinyxml_2_6_2\tinyxml\Debugtinyxml\Lib-link.write.1.tlog
C:\USERS\YUHT-A\DESKTOP\TINYXML_2_6_2\TINYXML\DEBUGTINYXML\TINYSTR.OBJ
C:\USERS\YUHT-A\DESKTOP\TINYXML_2_6_2\TINYXML\DEBUGTINYXML\TINYSTR.SBR
C:\USERS\YUHT-A\DESKTOP\TINYXML_2_6_2\TINYXML\DEBUGTINYXML\TINYXML.BSC
C:\USERS\YUHT-A\DESKTOP\TINYXML_2_6_2\TINYXML\DEBUGTINYXML\TINYXML.LIB
C:\USERS\YUHT-A\DESKTOP\TINYXML_2_6_2\TINYXML\DEBUGTINYXML\TINYXML.OBJ
C:\USERS\YUHT-A\DESKTOP\TINYXML_2_6_2\TINYXML\DEBUGTINYXML\TINYXML.SBR
C:\USERS\YUHT-A\DESKTOP\TINYXML_2_6_2\TINYXML\DEBUGTINYXML\TINYXMLERROR.OBJ
C:\USERS\YUHT-A\DESKTOP\TINYXML_2_6_2\TINYXML\DEBUGTINYXML\TINYXMLERROR.SBR
C:\USERS\YUHT-A\DESKTOP\TINYXML_2_6_2\TINYXML\DEBUGTINYXML\TINYXMLPARSER.OBJ
C:\USERS\YUHT-A\DESKTOP\TINYXML_2_6_2\TINYXML\DEBUGTINYXML\TINYXMLPARSER.SBR
C:\Users\yuht-a\Desktop\tinyxml_2_6_2\tinyxml\Debugtinyxml\vc100.idb
C:\USERS\YUHT-A\DESKTOP\TINYXML_2_6_2\TINYXML\DEBUGTINYXML\VC100.PDB
